<?xml version="1.0" encoding="UTF-8"?>
<testsuite name="LoginTests"
           tests="3"
           failures="0"
           errors="0"
           skipped="0"
           time="2.498">
  <properties />
  
  
            <testcase name="verifyUserShouldLoginSuccessFully" time="0.105" classname="com.orangehrmlive.demo.testsuite.LoginTest" />
                <testcase name="verifyUserShouldLogOutSuccessFully" time="1.572" classname="com.orangehrmlive.demo.testsuite.LoginTest" />
                <testcase name="verifyThatTheLogoDisplayOnHomePage" time="0.821" classname="com.orangehrmlive.demo.testsuite.LoginTest" />
      
</testsuite>
